ShortVideoRecord/gradle-build/AliyunHelp/outputs/logs/manifest-merger-release-report.txt
-- Merging decision tree log ---
manifest
ADDED from src\main\AndroidManifest.xml:1:1-21:12
INJECTED from src\main\AndroidManifest.xml:1:1-21:12
INJECTED from src\main\AndroidManifest.xml:1:1-21:12
INJECTED from src\main\AndroidManifest.xml:1:1-21:12
INJECTED from src\main\AndroidManifest.xml:1:1-21:12
INJECTED from src\main\AndroidManifest.xml:1:1-21:12
INJECTED from src\main\AndroidManifest.xml:1:1-21:12
	package
		ADDED from src\main\AndroidManifest.xml:2:5-32
		INJECTED from src\main\AndroidManifest.xml
		INJECTED from src\main\AndroidManifest.xml
	android:versionName
		INJECTED from src\main\AndroidManifest.xml
		ADDED from src\main\AndroidManifest.xml:1:1-21:12
		INJECTED from src\main\AndroidManifest.xml
	android:versionCode
		INJECTED from src\main\AndroidManifest.xml
		ADDED from src\main\AndroidManifest.xml:1:1-21:12
		INJECTED from src\main\AndroidManifest.xml
	xmlns:android
		ADDED from src\main\AndroidManifest.xml:1:11-69
application
ADDED from src\main\AndroidManifest.xml:4:5-20:19
activity#com.aliyun.quhelp.AliyunHelperActivity
ADDED from src\main\AndroidManifest.xml:5:9-13:20
	android:screenOrientation
		ADDED from src\main\AndroidManifest.xml:8:13-49
	android:label
		ADDED from src\main\AndroidManifest.xml:7:13-45
	android:name
		ADDED from src\main\AndroidManifest.xml:6:13-66
intent-filter#android.intent.category.DEFAULT+com.duanqu.qupai.action.help
ADDED from src\main\AndroidManifest.xml:9:13-12:29
action#com.duanqu.qupai.action.help
ADDED from src\main\AndroidManifest.xml:10:17-70
	android:name
		ADDED from src\main\AndroidManifest.xml:10:25-68
category#android.intent.category.DEFAULT
ADDED from src\main\AndroidManifest.xml:11:17-75
	android:name
		ADDED from src\main\AndroidManifest.xml:11:27-73
activity#com.aliyun.quhelp.CopyRightActivity
ADDED from src\main\AndroidManifest.xml:15:9-19:20
	android:screenOrientation
		ADDED from src\main\AndroidManifest.xml:18:13-49
	android:label
		ADDED from src\main\AndroidManifest.xml:17:13-45
	android:name
		ADDED from src\main\AndroidManifest.xml:16:13-63
uses-sdk
INJECTED from src\main\AndroidManifest.xml reason: use-sdk injection requested
INJECTED from src\main\AndroidManifest.xml
INJECTED from src\main\AndroidManifest.xml
INJECTED from src\main\AndroidManifest.xml
INJECTED from src\main\AndroidManifest.xml
	android:targetSdkVersion
		INJECTED from src\main\AndroidManifest.xml
		ADDED from src\main\AndroidManifest.xml
		INJECTED from src\main\AndroidManifest.xml
	android:minSdkVersion
		INJECTED from src\main\AndroidManifest.xml
		ADDED from src\main\AndroidManifest.xml
		INJECTED from src\main\AndroidManifest.xml